   1               		.file	"chassisUART.c"
   2               	__SP_H__ = 0x3e
   3               	__SP_L__ = 0x3d
   4               	__SREG__ = 0x3f
   5               	__RAMPZ__ = 0x3b
   6               	__tmp_reg__ = 0
   7               	__zero_reg__ = 1
   8               		.text
   9               	.Ltext0:
  10               		.cfi_sections	.debug_frame
  11               		.comm	portKey,1,1
  12               	.global	debugPDMSig
  13               		.section .bss
  16               	debugPDMSig:
  17 0000 00        		.zero	1
  18               		.section	.text.uart_process_byte,"ax",@progbits
  19               	.global	uart_process_byte
  21               	uart_process_byte:
  22               	.LVL0:
  23               	.LFB11:
  24               		.file 1 "includes/chassisUART.c"
   1:includes/chassisUART.c **** /**
   2:includes/chassisUART.c ****  * @file chassisUART.c
   3:includes/chassisUART.c ****  * @author Jonn Dillon
   4:includes/chassisUART.c ****  * @date 19/7/2018
   5:includes/chassisUART.c ****  * @brief Handles all major communications functions, and related utilities in and out of the MCU.
   6:includes/chassisUART.c ****  **/
   7:includes/chassisUART.c **** 
   8:includes/chassisUART.c **** #include "chassisUART.h"
   9:includes/chassisUART.c **** 
  10:includes/chassisUART.c **** uint8_t debugPDMSig = 0;
  11:includes/chassisUART.c **** 
  12:includes/chassisUART.c **** 
  13:includes/chassisUART.c **** void uart_process_byte(char data)
  14:includes/chassisUART.c **** {
  25               		.loc 1 14 1 view -0
  26               		.cfi_startproc
  27               	/* prologue: function */
  28               	/* frame size = 0 */
  29               	/* stack size = 0 */
  30               	.L__stack_usage = 0
  15:includes/chassisUART.c **** 	//PORTA ^= 32;
  16:includes/chassisUART.c **** 	
  17:includes/chassisUART.c **** 	static unsigned char count = 0;
  31               		.loc 1 17 2 view .LVU1
  18:includes/chassisUART.c **** 	static unsigned char incomingString[48];							//made bigger to accommodate PT packets
  32               		.loc 1 18 2 view .LVU2
  19:includes/chassisUART.c **** 	static unsigned char stringActive = 0;
  33               		.loc 1 19 2 view .LVU3
  20:includes/chassisUART.c **** 	
  21:includes/chassisUART.c **** 	if(data == 'D')
  34               		.loc 1 21 2 view .LVU4
  35               		.loc 1 21 4 is_stmt 0 view .LVU5
  36 0000 8434      		cpi r24,lo8(68)
  37 0002 01F4      		brne .L2
  22:includes/chassisUART.c **** 	{
  23:includes/chassisUART.c **** 		stringActive = 1;
  38               		.loc 1 23 3 is_stmt 1 view .LVU6
  39               		.loc 1 23 16 is_stmt 0 view .LVU7
  40 0004 81E0      		ldi r24,lo8(1)
  41               	.LVL1:
  42               		.loc 1 23 16 view .LVU8
  43 0006 8093 0000 		sts stringActive.2543,r24
  44               	.L3:
  24:includes/chassisUART.c **** 	}
  25:includes/chassisUART.c **** 	
  26:includes/chassisUART.c **** 	else if(stringActive == 1)
  27:includes/chassisUART.c **** 	{
  28:includes/chassisUART.c **** 		incomingString[count++] = data;
  29:includes/chassisUART.c **** 	}
  30:includes/chassisUART.c **** 	
  31:includes/chassisUART.c **** 	if(count > 8)
  45               		.loc 1 31 2 is_stmt 1 view .LVU9
  46               		.loc 1 31 11 is_stmt 0 view .LVU10
  47 000a E091 0000 		lds r30,count.2541
  48               		.loc 1 31 4 view .LVU11
  49 000e E930      		cpi r30,lo8(9)
  50 0010 00F0      		brlo .L1
  32:includes/chassisUART.c **** 	{
  33:includes/chassisUART.c **** 		incomingString[count - 1] = '\0';
  51               		.loc 1 33 3 is_stmt 1 view .LVU12
  52               		.loc 1 33 24 is_stmt 0 view .LVU13
  53 0012 F0E0      		ldi r31,0
  54               		.loc 1 33 29 view .LVU14
  55 0014 E050      		subi r30,lo8(-(incomingString.2542-1))
  56 0016 F040      		sbci r31,hi8(-(incomingString.2542-1))
  57 0018 1082      		st Z,__zero_reg__
  34:includes/chassisUART.c **** 		count = 0;
  58               		.loc 1 34 3 is_stmt 1 view .LVU15
  59               		.loc 1 34 9 is_stmt 0 view .LVU16
  60 001a 1092 0000 		sts count.2541,__zero_reg__
  35:includes/chassisUART.c **** 		stringActive = 0;
  61               		.loc 1 35 3 is_stmt 1 view .LVU17
  62               		.loc 1 35 16 is_stmt 0 view .LVU18
  63 001e 1092 0000 		sts stringActive.2543,__zero_reg__
  36:includes/chassisUART.c **** 		uart_parse_input(incomingString);
  64               		.loc 1 36 3 is_stmt 1 view .LVU19
  65 0022 80E0      		ldi r24,lo8(incomingString.2542)
  66 0024 90E0      		ldi r25,hi8(incomingString.2542)
  67 0026 0C94 0000 		jmp uart_parse_input
  68               	.LVL2:
  69               	.L2:
  26:includes/chassisUART.c **** 	{
  70               		.loc 1 26 7 view .LVU20
  26:includes/chassisUART.c **** 	{
  71               		.loc 1 26 9 is_stmt 0 view .LVU21
  72 002a 9091 0000 		lds r25,stringActive.2543
  73 002e 9130      		cpi r25,lo8(1)
  74 0030 01F4      		brne .L3
  75 0032 E091 0000 		lds r30,count.2541
  28:includes/chassisUART.c **** 	}
  76               		.loc 1 28 3 is_stmt 1 view .LVU22
  28:includes/chassisUART.c **** 	}
  77               		.loc 1 28 23 is_stmt 0 view .LVU23
  78 0036 9E0F      		add r25,r30
  79 0038 9093 0000 		sts count.2541,r25
  80 003c F0E0      		ldi r31,0
  28:includes/chassisUART.c **** 	}
  81               		.loc 1 28 27 view .LVU24
  82 003e E050      		subi r30,lo8(-(incomingString.2542))
  83 0040 F040      		sbci r31,hi8(-(incomingString.2542))
  84 0042 8083      		st Z,r24
  85 0044 00C0      		rjmp .L3
  86               	.LVL3:
  87               	.L1:
  88               	/* epilogue start */
  37:includes/chassisUART.c **** 	}
  38:includes/chassisUART.c **** }
  89               		.loc 1 38 1 view .LVU25
  90 0046 0895      		ret
  91               		.cfi_endproc
  92               	.LFE11:
  94               		.section	.text.uart_parse_input,"ax",@progbits
  95               	.global	uart_parse_input
  97               	uart_parse_input:
  98               	.LVL4:
  99               	.LFB12:
  39:includes/chassisUART.c **** 
  40:includes/chassisUART.c **** /**
  41:includes/chassisUART.c ****  * uart_parse_input()
  42:includes/chassisUART.c ****  * Input:	s	-	a string containing the message to be parsed
  43:includes/chassisUART.c ****  * Returns: none
  44:includes/chassisUART.c ****  * 
  45:includes/chassisUART.c ****  * 
  46:includes/chassisUART.c ****  **/
  47:includes/chassisUART.c **** void uart_parse_input(unsigned char* s)
  48:includes/chassisUART.c **** {
 100               		.loc 1 48 1 is_stmt 1 view -0
 101               		.cfi_startproc
 102               		.loc 1 48 1 is_stmt 0 view .LVU27
 103 0000 CF93      		push r28
 104               	.LCFI0:
 105               		.cfi_def_cfa_offset 3
 106               		.cfi_offset 28, -2
 107 0002 DF93      		push r29
 108               	.LCFI1:
 109               		.cfi_def_cfa_offset 4
 110               		.cfi_offset 29, -3
 111               	/* prologue: function */
 112               	/* frame size = 0 */
 113               	/* stack size = 2 */
 114               	.L__stack_usage = 2
 115 0004 EC01      		movw r28,r24
  49:includes/chassisUART.c **** 	uart_parse_poke(s);
 116               		.loc 1 49 2 is_stmt 1 view .LVU28
 117 0006 0E94 0000 		call uart_parse_poke
 118               	.LVL5:
  50:includes/chassisUART.c **** 	uart1_putc('D');		//reply with the header byte (preserved - 33 bytes should follow)
 119               		.loc 1 50 2 view .LVU29
 120 000a 84E4      		ldi r24,lo8(68)
 121 000c 0E94 0000 		call uart1_putc
 122               	.LVL6:
  51:includes/chassisUART.c **** 	uart_send_real_time_data();
 123               		.loc 1 51 2 view .LVU30
 124 0010 0E94 0000 		call uart_send_real_time_data
 125               	.LVL7:
  52:includes/chassisUART.c **** 
  53:includes/chassisUART.c **** 	s[0] = '\0';				// clear the header byte
 126               		.loc 1 53 2 view .LVU31
 127               		.loc 1 53 7 is_stmt 0 view .LVU32
 128 0014 1882      		st Y,__zero_reg__
 129               	/* epilogue start */
  54:includes/chassisUART.c **** }
 130               		.loc 1 54 1 view .LVU33
 131 0016 DF91      		pop r29
 132 0018 CF91      		pop r28
 133               	.LVL8:
 134               		.loc 1 54 1 view .LVU34
 135 001a 0895      		ret
 136               		.cfi_endproc
 137               	.LFE12:
 139               		.section	.text.uart_parse_poke,"ax",@progbits
 140               	.global	uart_parse_poke
 142               	uart_parse_poke:
 143               	.LVL9:
 144               	.LFB13:
  55:includes/chassisUART.c **** 
  56:includes/chassisUART.c **** /**
  57:includes/chassisUART.c ****  * uart_parse_poke()
  58:includes/chassisUART.c ****  * Input:	s	- a string containing the message to be parsed
  59:includes/chassisUART.c ****  * Returns: none
  60:includes/chassisUART.c ****  * 
  61:includes/chassisUART.c ****  * 
  62:includes/chassisUART.c ****  **/
  63:includes/chassisUART.c **** void uart_parse_poke(unsigned char* s)
  64:includes/chassisUART.c **** {
 145               		.loc 1 64 1 is_stmt 1 view -0
 146               		.cfi_startproc
 147               	/* prologue: function */
 148               	/* frame size = 0 */
 149               	/* stack size = 0 */
 150               	.L__stack_usage = 0
  65:includes/chassisUART.c **** 	uint16_t addr = ((uint16_t)(s[1]) << 8);
 151               		.loc 1 65 2 view .LVU36
 152               		.loc 1 65 19 is_stmt 0 view .LVU37
 153 0000 FC01      		movw r30,r24
 154 0002 2181      		ldd r18,Z+1
 155 0004 30E0      		ldi r19,0
 156               		.loc 1 65 11 view .LVU38
 157 0006 322F      		mov r19,r18
 158 0008 2227      		clr r18
 159               	.LVL10:
  66:includes/chassisUART.c **** 	addr +=         (uint16_t)(s[2]);
 160               		.loc 1 66 2 is_stmt 1 view .LVU39
  67:includes/chassisUART.c **** 	uint32_t data = ((uint32_t)s[3]) << 24;
 161               		.loc 1 67 2 view .LVU40
  68:includes/chassisUART.c **** 	data =          ((uint32_t)s[4]) << 16;
 162               		.loc 1 68 2 view .LVU41
  69:includes/chassisUART.c **** 	data +=         ((uint32_t)s[5]) << 8;
 163               		.loc 1 69 2 view .LVU42
  70:includes/chassisUART.c **** 	data +=         ((uint32_t)s[6]);
 164               		.loc 1 70 2 view .LVU43
  71:includes/chassisUART.c **** 	
  72:includes/chassisUART.c **** 	if (addr == 20)
 165               		.loc 1 72 2 view .LVU44
  66:includes/chassisUART.c **** 	uint32_t data = ((uint32_t)s[3]) << 24;
 166               		.loc 1 66 18 is_stmt 0 view .LVU45
 167 000a 8281      		ldd r24,Z+2
  66:includes/chassisUART.c **** 	uint32_t data = ((uint32_t)s[3]) << 24;
 168               		.loc 1 66 7 view .LVU46
 169 000c 280F      		add r18,r24
 170 000e 311D      		adc r19,__zero_reg__
 171               	.LVL11:
 172               		.loc 1 72 5 view .LVU47
 173 0010 283C      		cpi r18,-56
 174 0012 3105      		cpc r19,__zero_reg__
 175 0014 01F4      		brne .L6
  73:includes/chassisUART.c **** 	{
  74:includes/chassisUART.c **** 		if (data == 128)
  75:includes/chassisUART.c **** 		{
  76:includes/chassisUART.c **** 			
  77:includes/chassisUART.c **** 		}
  78:includes/chassisUART.c **** 		else
  79:includes/chassisUART.c **** 		{
  80:includes/chassisUART.c **** 			
  81:includes/chassisUART.c **** 		}
  82:includes/chassisUART.c **** 	}
  83:includes/chassisUART.c **** 	
  84:includes/chassisUART.c **** 	else if (addr == 21)
 176               		.loc 1 84 7 is_stmt 1 view .LVU48
  85:includes/chassisUART.c **** 	{
  86:includes/chassisUART.c **** 		if (data == 128)
  87:includes/chassisUART.c **** 		{
  88:includes/chassisUART.c **** 			
  89:includes/chassisUART.c **** 		}
  90:includes/chassisUART.c **** 		else
  91:includes/chassisUART.c **** 		{
  92:includes/chassisUART.c **** 			
  93:includes/chassisUART.c **** 		}
  94:includes/chassisUART.c **** 	}
  95:includes/chassisUART.c **** 	
  96:includes/chassisUART.c **** 	else if (addr == 200)		//balancing command
 177               		.loc 1 96 7 view .LVU49
 178               	.LVL12:
 179               	.LBB4:
 180               	.LBB5:
  97:includes/chassisUART.c **** 	{
  98:includes/chassisUART.c **** 		PORTA ^= 32;
 181               		.loc 1 98 3 view .LVU50
 182               		.loc 1 98 9 is_stmt 0 view .LVU51
 183 0016 82B1      		in r24,0x2
 184 0018 90E2      		ldi r25,lo8(32)
 185 001a 8927      		eor r24,r25
 186 001c 82B9      		out 0x2,r24
 187               	.LVL13:
  99:includes/chassisUART.c **** 		if (data == 1)
 188               		.loc 1 99 3 is_stmt 1 view .LVU52
 100:includes/chassisUART.c **** 		{
 101:includes/chassisUART.c **** 			//turn LED on
 102:includes/chassisUART.c **** 			// cellBalancing = 1;
 103:includes/chassisUART.c **** 		}
 104:includes/chassisUART.c **** 		else
 105:includes/chassisUART.c **** 		{
 106:includes/chassisUART.c **** 			//turn LED off
 107:includes/chassisUART.c **** 			// cellBalancing = 0;
 108:includes/chassisUART.c **** 		}
 189               		.loc 1 108 3 view .LVU53
 190               	.LBE5:
 191               	.LBE4:
 192               		.loc 1 108 3 view .LVU54
 193               	.L6:
 194               	/* epilogue start */
 109:includes/chassisUART.c **** 	}
 110:includes/chassisUART.c **** }
 195               		.loc 1 110 1 is_stmt 0 view .LVU55
 196 001e 0895      		ret
 197               		.cfi_endproc
 198               	.LFE13:
 200               		.section	.text.UART_formTestPacket,"ax",@progbits
 201               	.global	UART_formTestPacket
 203               	UART_formTestPacket:
 204               	.LFB14:
 111:includes/chassisUART.c **** 
 112:includes/chassisUART.c **** /**
 113:includes/chassisUART.c ****  * uart_send_real_time_data()
 114:includes/chassisUART.c ****  * Input:	none
 115:includes/chassisUART.c ****  * Returns: none
 116:includes/chassisUART.c ****  * 
 117:includes/chassisUART.c ****  * Organizes all data stored in memory regarding the other devices into a message to be sent via UA
 118:includes/chassisUART.c ****  **/
 119:includes/chassisUART.c **** // void uart_send_real_time_data (void)
 120:includes/chassisUART.c **** // {
 121:includes/chassisUART.c **** // 	uint8_t outgoingString[34];
 122:includes/chassisUART.c **** // 	outgoingString[0] = 45;					//always start with capital D
 123:includes/chassisUART.c **** // 	outgoingString[1] = 1;					//packet type (locked at 1 for now)
 124:includes/chassisUART.c **** 	
 125:includes/chassisUART.c **** // 	outgoingString[2] = (accumulators[0].AvgV >> 8);
 126:includes/chassisUART.c **** // 	outgoingString[3] = (accumulators[0].AvgV);	//average volts
 127:includes/chassisUART.c **** 	
 128:includes/chassisUART.c **** // 	outgoingString[4] = (accumulators[0].AvgT >> 8);
 129:includes/chassisUART.c **** // 	outgoingString[5] = (accumulators[0].AvgT);	//average temp
 130:includes/chassisUART.c **** 
 131:includes/chassisUART.c **** // 	outgoingString[6] = (accumulators[0].MinV >> 8);
 132:includes/chassisUART.c **** // 	outgoingString[7] = (accumulators[0].MinV);	//average volts
 133:includes/chassisUART.c **** 	
 134:includes/chassisUART.c **** // 	outgoingString[8] = (accumulators[0].MinT >> 8);
 135:includes/chassisUART.c **** // 	outgoingString[9] = (accumulators[0].MinT);	//min temp
 136:includes/chassisUART.c **** 	
 137:includes/chassisUART.c **** // 	outgoingString[10] = (accumulators[0].MaxV >> 8);
 138:includes/chassisUART.c **** // 	outgoingString[11] = (accumulators[0].MaxV); 
 139:includes/chassisUART.c **** 	
 140:includes/chassisUART.c **** // 	outgoingString[12] = (accumulators[0].MaxT >> 8);
 141:includes/chassisUART.c **** // 	outgoingString[13] = (accumulators[0].MaxT);
 142:includes/chassisUART.c **** 	
 143:includes/chassisUART.c **** // 	outgoingString[14] = (inverters[0].temperature >> 8);
 144:includes/chassisUART.c **** // 	outgoingString[15] = (inverters[0].temperature);
 145:includes/chassisUART.c **** 	
 146:includes/chassisUART.c **** // 	outgoingString[16] = (inverters[0].current >> 8);
 147:includes/chassisUART.c **** // 	outgoingString[17] = (inverters[0].current);
 148:includes/chassisUART.c **** 	
 149:includes/chassisUART.c **** // 	outgoingString[18] = (T1_temp >> 8); // Temp of right hand cooling ciruit
 150:includes/chassisUART.c **** // 	outgoingString[19] = (T1_temp);
 151:includes/chassisUART.c **** 	
 152:includes/chassisUART.c **** // 	outgoingString[20] = (pdm.flags[0]);
 153:includes/chassisUART.c **** 	
 154:includes/chassisUART.c **** // 	outgoingString[21] = (accumulators[0].cmus[0].voltages[7]);
 155:includes/chassisUART.c **** 	
 156:includes/chassisUART.c **** // 	outgoingString[22] = (currentTorqueDemand[0] >> 8);
 157:includes/chassisUART.c **** // 	outgoingString[23] = (currentTorqueDemand[0]);	//demand given by the pedal position
 158:includes/chassisUART.c **** 	
 159:includes/chassisUART.c **** // 	outgoingString[24] = (inverters[0].RPM >> 8);
 160:includes/chassisUART.c **** // 	outgoingString[25] = (inverters[0].RPM);		//rpm of inverters
 161:includes/chassisUART.c **** 	
 162:includes/chassisUART.c **** // 	outgoingString[26] = (enableSwitch_A);
 163:includes/chassisUART.c **** // 	outgoingString[27] = (steeringAngle >> 8);
 164:includes/chassisUART.c **** //  outgoingString[28] = (steeringAngle);
 165:includes/chassisUART.c **** // 	outgoingString[29] = 128;
 166:includes/chassisUART.c **** // 	outgoingString[30] = 128;
 167:includes/chassisUART.c **** // 	outgoingString[31] = 128;
 168:includes/chassisUART.c **** 	
 169:includes/chassisUART.c **** // 	for(int i = 0; i < 4; i++)
 170:includes/chassisUART.c **** // 	{
 171:includes/chassisUART.c **** // 		for(int j = 0; j < 7; j++)
 172:includes/chassisUART.c **** // 		{
 173:includes/chassisUART.c **** // 			if(outgoingString[(i*7) + j] == 68)			//test if the ith by jth byte is a 68
 174:includes/chassisUART.c **** // 			{
 175:includes/chassisUART.c **** // 				outgoingString[i + 28] |= (1 << j);		//set the corresponding bit in last 4 bytes to say this
 176:includes/chassisUART.c **** // 				outgoingString[(i*7) + j] = 0;			//any non 68 number really - doesnt matter
 177:includes/chassisUART.c **** // 			}
 178:includes/chassisUART.c **** // 		}
 179:includes/chassisUART.c **** // 	}
 180:includes/chassisUART.c **** 	
 181:includes/chassisUART.c **** // 	for (int i = 0; i < 32; i++) uart1_putc(outgoingString[i]);
 182:includes/chassisUART.c **** // }
 183:includes/chassisUART.c **** 
 184:includes/chassisUART.c **** void UART_formTestPacket(void) {
 205               		.loc 1 184 32 is_stmt 1 view -0
 206               		.cfi_startproc
 207 0000 CF93      		push r28
 208               	.LCFI2:
 209               		.cfi_def_cfa_offset 3
 210               		.cfi_offset 28, -2
 211 0002 DF93      		push r29
 212               	.LCFI3:
 213               		.cfi_def_cfa_offset 4
 214               		.cfi_offset 29, -3
 215 0004 00D0      		rcall .
 216 0006 00D0      		rcall .
 217               	.LCFI4:
 218               		.cfi_def_cfa_offset 8
 219 0008 CDB7      		in r28,__SP_L__
 220 000a DEB7      		in r29,__SP_H__
 221               	.LCFI5:
 222               		.cfi_def_cfa_register 28
 223               	/* prologue: function */
 224               	/* frame size = 4 */
 225               	/* stack size = 6 */
 226               	.L__stack_usage = 6
 185:includes/chassisUART.c ****     uint8_t testPacketArray[4];
 227               		.loc 1 185 5 view .LVU57
 186:includes/chassisUART.c ****     testPacketArray[0] = (ignitionState) | (armedState << 1) | (shutdownState << 2); // Button stat
 228               		.loc 1 186 5 view .LVU58
 229               		.loc 1 186 56 is_stmt 0 view .LVU59
 230 000c 8091 0000 		lds r24,armedState
 231 0010 880F      		lsl r24
 232               		.loc 1 186 79 view .LVU60
 233 0012 2091 0000 		lds r18,shutdownState
 234 0016 94E0      		ldi r25,lo8(4)
 235 0018 299F      		mul r18,r25
 236 001a 9001      		movw r18,r0
 237 001c 1124      		clr __zero_reg__
 238               		.loc 1 186 62 view .LVU61
 239 001e 822B      		or r24,r18
 240 0020 9091 0000 		lds r25,ignitionState
 241 0024 892B      		or r24,r25
 242               		.loc 1 186 24 view .LVU62
 243 0026 8983      		std Y+1,r24
 187:includes/chassisUART.c ****     testPacketArray[1] = INPUT_accelerationPedal;   // Throttle Pedal Percentage - 1
 244               		.loc 1 187 5 is_stmt 1 view .LVU63
 245               		.loc 1 187 24 is_stmt 0 view .LVU64
 246 0028 8091 0000 		lds r24,INPUT_accelerationPedal
 247 002c 8A83      		std Y+2,r24
 188:includes/chassisUART.c ****     testPacketArray[2] = INPUT_brakePedal;          // Brake Pedal Percentage - 1
 248               		.loc 1 188 5 is_stmt 1 view .LVU65
 249               		.loc 1 188 24 is_stmt 0 view .LVU66
 250 002e 8091 0000 		lds r24,INPUT_brakePedal
 251 0032 8B83      		std Y+3,r24
 189:includes/chassisUART.c ****     testPacketArray[3] = INPUT_steeringAngle;       // Steering Angle - 1
 252               		.loc 1 189 5 is_stmt 1 view .LVU67
 253               		.loc 1 189 24 is_stmt 0 view .LVU68
 254 0034 8091 0000 		lds r24,INPUT_steeringAngle
 255 0038 8C83      		std Y+4,r24
 190:includes/chassisUART.c ****                                                     //  -> RADIAN(x -> -0.99 < 0 < 0.99) * 100 + 10
 191:includes/chassisUART.c ****     UART_sendPacket(testPacketArray);
 256               		.loc 1 191 5 is_stmt 1 view .LVU69
 257 003a CE01      		movw r24,r28
 258 003c 0196      		adiw r24,1
 259 003e 0E94 0000 		call UART_sendPacket
 260               	.LVL14:
 261               	/* epilogue start */
 192:includes/chassisUART.c **** }
 262               		.loc 1 192 1 is_stmt 0 view .LVU70
 263 0042 0F90      		pop __tmp_reg__
 264 0044 0F90      		pop __tmp_reg__
 265 0046 0F90      		pop __tmp_reg__
 266 0048 0F90      		pop __tmp_reg__
 267 004a DF91      		pop r29
 268 004c CF91      		pop r28
 269 004e 0895      		ret
 270               		.cfi_endproc
 271               	.LFE14:
 273               		.section	.text.UART_sendPacket,"ax",@progbits
 274               	.global	UART_sendPacket
 276               	UART_sendPacket:
 277               	.LVL15:
 278               	.LFB15:
 193:includes/chassisUART.c **** 
 194:includes/chassisUART.c **** void UART_sendPacket(uint8_t outgoingString[]) {
 279               		.loc 1 194 48 is_stmt 1 view -0
 280               		.cfi_startproc
 281               		.loc 1 194 48 is_stmt 0 view .LVU72
 282 0000 CF93      		push r28
 283               	.LCFI6:
 284               		.cfi_def_cfa_offset 3
 285               		.cfi_offset 28, -2
 286 0002 DF93      		push r29
 287               	.LCFI7:
 288               		.cfi_def_cfa_offset 4
 289               		.cfi_offset 29, -3
 290               	/* prologue: function */
 291               	/* frame size = 0 */
 292               	/* stack size = 2 */
 293               	.L__stack_usage = 2
 195:includes/chassisUART.c ****     uint8_t *ptr = outgoingString;
 294               		.loc 1 195 5 is_stmt 1 view .LVU73
 295               	.LVL16:
 196:includes/chassisUART.c ****     while (*ptr++) {
 296               		.loc 1 196 5 view .LVU74
 297               	.L10:
 298               		.loc 1 196 16 is_stmt 0 view .LVU75
 299 0004 EC01      		movw r28,r24
 300               		.loc 1 196 11 view .LVU76
 301 0006 2991      		ld r18,Y+
 302 0008 2111      		cpse r18,__zero_reg__
 303 000a 00C0      		rjmp .L11
 304               	/* epilogue start */
 197:includes/chassisUART.c ****         uart1_putc(*ptr);
 198:includes/chassisUART.c ****     }
 199:includes/chassisUART.c **** }...
 305               		.loc 1 199 1 view .LVU77
 306 000c DF91      		pop r29
 307 000e CF91      		pop r28
 308 0010 0895      		ret
 309               	.L11:
 197:includes/chassisUART.c ****         uart1_putc(*ptr);
 310               		.loc 1 197 9 is_stmt 1 view .LVU78
 311 0012 FC01      		movw r30,r24
 312 0014 8181      		ldd r24,Z+1
 313               	.LVL17:
 197:includes/chassisUART.c ****         uart1_putc(*ptr);
 314               		.loc 1 197 9 is_stmt 0 view .LVU79
 315 0016 0E94 0000 		call uart1_putc
 316               	.LVL18:
 196:includes/chassisUART.c ****     while (*ptr++) {
 317               		.loc 1 196 16 view .LVU80
 318 001a CE01      		movw r24,r28
 319 001c 00C0      		rjmp .L10
 320               		.cfi_endproc
 321               	.LFE15:
 323               		.local	stringActive.2543
 324               		.comm	stringActive.2543,1,1
 325               		.local	count.2541
 326               		.comm	count.2541,1,1
 327               		.local	incomingString.2542
 328               		.comm	incomingString.2542,48,1
 329               		.text
 330               	.Letext0:
 331               		.file 2 "/usr/local/Cellar/avr-gcc/8.1.0/avr/include/stdlib.h"
 332               		.file 3 "/usr/local/Cellar/avr-gcc/8.1.0/lib/avr-gcc/8/gcc/avr/8.1.0/include/stddef.h"
 333               		.file 4 "/usr/local/Cellar/avr-gcc/8.1.0/avr/include/stdint.h"
 334               		.file 5 "/usr/local/Cellar/avr-gcc/8.1.0/avr/include/stdio.h"
 335               		.file 6 "./includes/chassisInput.h"
 336               		.file 7 "./utils/uart.h"
 337               		.file 8 "./main.h"
 338               		.file 9 "includes/chassisUART.h"
DEFINED SYMBOLS
                            *ABS*:0000000000000000 chassisUART.c
/var/folders/my/0z6f376568j9tywzmdyvysy80000gn/T//cc3vafMW.s:2      *ABS*:000000000000003e __SP_H__
/var/folders/my/0z6f376568j9tywzmdyvysy80000gn/T//cc3vafMW.s:3      *ABS*:000000000000003d __SP_L__
/var/folders/my/0z6f376568j9tywzmdyvysy80000gn/T//cc3vafMW.s:4      *ABS*:000000000000003f __SREG__
/var/folders/my/0z6f376568j9tywzmdyvysy80000gn/T//cc3vafMW.s:5      *ABS*:000000000000003b __RAMPZ__
/var/folders/my/0z6f376568j9tywzmdyvysy80000gn/T//cc3vafMW.s:6      *ABS*:0000000000000000 __tmp_reg__
/var/folders/my/0z6f376568j9tywzmdyvysy80000gn/T//cc3vafMW.s:7      *ABS*:0000000000000001 __zero_reg__
                            *COM*:0000000000000001 portKey
/var/folders/my/0z6f376568j9tywzmdyvysy80000gn/T//cc3vafMW.s:16     .bss:0000000000000000 debugPDMSig
/var/folders/my/0z6f376568j9tywzmdyvysy80000gn/T//cc3vafMW.s:21     .text.uart_process_byte:0000000000000000 uart_process_byte
                             .bss:0000000000000001 stringActive.2543
/var/folders/my/0z6f376568j9tywzmdyvysy80000gn/T//cc3vafMW.s:324    .bss:0000000000000002 count.2541
/var/folders/my/0z6f376568j9tywzmdyvysy80000gn/T//cc3vafMW.s:326    .bss:0000000000000003 incomingString.2542
/var/folders/my/0z6f376568j9tywzmdyvysy80000gn/T//cc3vafMW.s:97     .text.uart_parse_input:0000000000000000 uart_parse_input
/var/folders/my/0z6f376568j9tywzmdyvysy80000gn/T//cc3vafMW.s:142    .text.uart_parse_poke:0000000000000000 uart_parse_poke
/var/folders/my/0z6f376568j9tywzmdyvysy80000gn/T//cc3vafMW.s:203    .text.UART_formTestPacket:0000000000000000 UART_formTestPacket
/var/folders/my/0z6f376568j9tywzmdyvysy80000gn/T//cc3vafMW.s:276    .text.UART_sendPacket:0000000000000000 UART_sendPacket

UNDEFINED SYMBOLS
uart1_putc
uart_send_real_time_data
armedState
shutdownState
ignitionState
INPUT_accelerationPedal
INPUT_brakePedal
INPUT_steeringAngle
__do_clear_bss
