   1               		.file	"SPI.c"
   2               	__SP_H__ = 0x3e
   3               	__SP_L__ = 0x3d
   4               	__SREG__ = 0x3f
   5               	__RAMPZ__ = 0x3b
   6               	__tmp_reg__ = 0
   7               	__zero_reg__ = 1
   8               		.text
   9               	.Ltext0:
  10               		.cfi_sections	.debug_frame
  11               		.section	.text.SPI_send_byte,"ax",@progbits
  12               	.global	SPI_send_byte
  14               	SPI_send_byte:
  15               	.LFB0:
  16               		.file 1 "utils/SPI.c"
   1:utils/SPI.c   **** #include "SPI.h"
   2:utils/SPI.c   **** 
   3:utils/SPI.c   **** uint8_t SPI_send_byte(uint8_t c)
   4:utils/SPI.c   **** {
  17               		.loc 1 4 0
  18               		.cfi_startproc
  19               	.LVL0:
  20               	/* prologue: function */
  21               	/* frame size = 0 */
  22               	/* stack size = 0 */
  23               	.L__stack_usage = 0
   5:utils/SPI.c   **** 	SPDR = c;					//write data to the transmission register. Writing to this initiates transmission.
  24               		.loc 1 5 0
  25 0000 8EBD      		out 0x2e,r24
  26               	.L2:
   6:utils/SPI.c   **** 	while(!(SPSR & (1<<SPIF)));
  27               		.loc 1 6 0 discriminator 1
  28 0002 0DB4      		in __tmp_reg__,0x2d
  29 0004 07FE      		sbrs __tmp_reg__,7
  30 0006 00C0      		rjmp .L2
   7:utils/SPI.c   **** 	return SPDR;				//return any data that was shifted into this register upon transmission.
  31               		.loc 1 7 0
  32 0008 8EB5      		in r24,0x2e
  33               	.LVL1:
  34               	/* epilogue start */
   8:utils/SPI.c   **** }
  35               		.loc 1 8 0
  36 000a 0895      		ret
  37               		.cfi_endproc
  38               	.LFE0:
  40               		.section	.text.SPI_init,"ax",@progbits
  41               	.global	SPI_init
  43               	SPI_init:
  44               	.LFB1:
   9:utils/SPI.c   **** 
  10:utils/SPI.c   **** void SPI_init()
  11:utils/SPI.c   **** {
  45               		.loc 1 11 0
  46               		.cfi_startproc
  47               	/* prologue: function */
  48               	/* frame size = 0 */
  49               	/* stack size = 0 */
  50               	.L__stack_usage = 0
  12:utils/SPI.c   **** 	//MCUCR &= ~(1<<SPIPS);		//make sure we are getting spi not on the _A spi pins.
  13:utils/SPI.c   **** 	SPCR = (0<<SPIE)|(1<<SPE)|(0<<DORD)|(1<<MSTR)|(0<<CPOL)|(0<<CPHA)|(1<<SPR0)|(0<<SPR1);  //set inte
  51               		.loc 1 13 0
  52 0000 81E5      		ldi r24,lo8(81)
  53 0002 8CBD      		out 0x2c,r24
  14:utils/SPI.c   **** 	SPSR = (1<<SPI2X);	//set whether we want 2x speed or not (1=2x speed).
  54               		.loc 1 14 0
  55 0004 81E0      		ldi r24,lo8(1)
  56 0006 8DBD      		out 0x2d,r24
  15:utils/SPI.c   **** 	SPDR = 0x00;		//ensure data register has nothing in it
  57               		.loc 1 15 0
  58 0008 1EBC      		out 0x2e,__zero_reg__
  59               	/* epilogue start */
  16:utils/SPI.c   **** }...
  60               		.loc 1 16 0
  61 000a 0895      		ret
  62               		.cfi_endproc
  63               	.LFE1:
  65               		.text
  66               	.Letext0:
  67               		.file 2 "/usr/local/Cellar/avr-gcc/7.3.0/avr/include/stdint.h"
DEFINED SYMBOLS
                            *ABS*:0000000000000000 SPI.c
/var/folders/my/0z6f376568j9tywzmdyvysy80000gn/T//ccPoSKgZ.s:2      *ABS*:000000000000003e __SP_H__
/var/folders/my/0z6f376568j9tywzmdyvysy80000gn/T//ccPoSKgZ.s:3      *ABS*:000000000000003d __SP_L__
/var/folders/my/0z6f376568j9tywzmdyvysy80000gn/T//ccPoSKgZ.s:4      *ABS*:000000000000003f __SREG__
/var/folders/my/0z6f376568j9tywzmdyvysy80000gn/T//ccPoSKgZ.s:5      *ABS*:000000000000003b __RAMPZ__
/var/folders/my/0z6f376568j9tywzmdyvysy80000gn/T//ccPoSKgZ.s:6      *ABS*:0000000000000000 __tmp_reg__
/var/folders/my/0z6f376568j9tywzmdyvysy80000gn/T//ccPoSKgZ.s:7      *ABS*:0000000000000001 __zero_reg__
/var/folders/my/0z6f376568j9tywzmdyvysy80000gn/T//ccPoSKgZ.s:14     .text.SPI_send_byte:0000000000000000 SPI_send_byte
/var/folders/my/0z6f376568j9tywzmdyvysy80000gn/T//ccPoSKgZ.s:43     .text.SPI_init:0000000000000000 SPI_init

NO UNDEFINED SYMBOLS
